<?xml version="1.0" encoding="UTF-8"?>
<!-- Generated by org.testng.reporters.JUnitXMLReporter -->
<testsuite ignored="0" hostname="DESKTOP-83C1RSU" failures="0" tests="5" name="POMFramework" time="0.398" errors="0" timestamp="23 Dec 2023 07:51:17 GMT">
  <testcase classname="medicare_Pages_Test.AddProductToCartTest" name="@BeforeTest start_browser" time="0.276">
    <failure type="java.lang.IllegalStateException" message="The path to the driver executable must be set by the webdriver.chrome.driver system property; for more information, see https://github.com/SeleniumHQ/selenium/wiki/ChromeDriver. The latest version can be downloaded from http://chromedriver.storage.googleapis.com/index.html">
      <![CDATA[java.lang.IllegalStateException: The path to the driver executable must be set by the webdriver.chrome.driver system property; for more information, see https://github.com/SeleniumHQ/selenium/wiki/ChromeDriver. The latest version can be downloaded from http://chromedriver.storage.googleapis.com/index.html
at com.google.common.base.Preconditions.checkState(Preconditions.java:847)
at org.openqa.selenium.remote.service.DriverService.findExecutable(DriverService.java:134)
at org.openqa.selenium.chrome.ChromeDriverService.access$000(ChromeDriverService.java:35)
at org.openqa.selenium.chrome.ChromeDriverService$Builder.findDefaultExecutable(ChromeDriverService.java:159)
at org.openqa.selenium.remote.service.DriverService$Builder.build(DriverService.java:355)
at org.openqa.selenium.chrome.ChromeDriverService.createDefaultService(ChromeDriverService.java:94)
at org.openqa.selenium.chrome.ChromeDriver.<init>(ChromeDriver.java:123)
at medicare_Base.Base.OpenBrowser(Base.java:17)
at medicare_Pages_Test.AddProductToCartTest.start_browser(AddProductToCartTest.java:20)
... Removed 24 stack frames]]>
    </failure>
  </testcase> <!-- @BeforeTest start_browser -->
  <testcase classname="medicare_Pages_Test.HomePageTest" name="@BeforeTest start_browser" time="0.0">
    <skipped/>
  </testcase> <!-- @BeforeTest start_browser -->
  <testcase classname="medicare_Pages_Test.LoginPageTest" name="@BeforeTest start_browser" time="0.0">
    <skipped/>
  </testcase> <!-- @BeforeTest start_browser -->
  <testcase classname="medicare_Pages_Test.OrderPageTest" name="@BeforeTest start_browser" time="0.0">
    <skipped/>
  </testcase> <!-- @BeforeTest start_browser -->
  <testcase classname="medicare_Pages_Test.RegisterPageTest" name="@BeforeTest start_browser" time="0.0">
    <skipped/>
  </testcase> <!-- @BeforeTest start_browser -->
  <testcase classname="medicare_Pages_Test.RegisterPageTest" name="test_click_register_link" time="0.0">
    <skipped/>
  </testcase> <!-- test_click_register_link -->
  <testcase classname="medicare_Pages_Test.LoginPageTest" name="test_login" time="0.0">
    <skipped/>
  </testcase> <!-- test_login -->
  <testcase classname="medicare_Pages_Test.AddProductToCartTest" name="test_login" time="0.0">
    <skipped/>
  </testcase> <!-- test_login -->
  <testcase classname="medicare_Pages_Test.OrderPageTest" name="test_login" time="0.0">
    <skipped/>
  </testcase> <!-- test_login -->
  <testcase classname="medicare_Pages_Test.HomePageTest" name="test_getTitle_page" time="0.0">
    <skipped/>
  </testcase> <!-- test_getTitle_page -->
</testsuite> <!-- POMFramework -->
